mode: atomic
github.com/mikeschinkel/go-doterr/doterr.go:62.40,64.2 1 0
github.com/mikeschinkel/go-doterr/doterr.go:67.41,69.2 1 0
github.com/mikeschinkel/go-doterr/doterr.go:72.45,74.2 1 0
github.com/mikeschinkel/go-doterr/doterr.go:77.43,79.2 1 0
github.com/mikeschinkel/go-doterr/doterr.go:82.49,84.2 1 0
github.com/mikeschinkel/go-doterr/doterr.go:88.41,90.2 1 0
github.com/mikeschinkel/go-doterr/doterr.go:94.45,96.2 1 0
github.com/mikeschinkel/go-doterr/doterr.go:122.33,127.72 2 0
github.com/mikeschinkel/go-doterr/doterr.go:127.72,132.16 4 0
github.com/mikeschinkel/go-doterr/doterr.go:132.16,134.4 1 0
github.com/mikeschinkel/go-doterr/doterr.go:135.3,135.39 1 0
github.com/mikeschinkel/go-doterr/doterr.go:138.2,141.15 4 0
github.com/mikeschinkel/go-doterr/doterr.go:141.15,143.3 1 0
github.com/mikeschinkel/go-doterr/doterr.go:146.2,146.18 1 0
github.com/mikeschinkel/go-doterr/doterr.go:146.18,148.3 1 0
github.com/mikeschinkel/go-doterr/doterr.go:149.2,149.10 1 0
github.com/mikeschinkel/go-doterr/doterr.go:166.28,167.25 1 0
github.com/mikeschinkel/go-doterr/doterr.go:168.14,169.24 1 0
github.com/mikeschinkel/go-doterr/doterr.go:170.13,172.28 1 0
github.com/mikeschinkel/go-doterr/doterr.go:173.10,175.77 1 0
github.com/mikeschinkel/go-doterr/doterr.go:208.34,209.21 1 0
github.com/mikeschinkel/go-doterr/doterr.go:209.21,211.3 1 0
github.com/mikeschinkel/go-doterr/doterr.go:213.2,218.8 4 0
github.com/mikeschinkel/go-doterr/doterr.go:218.8,221.3 2 0
github.com/mikeschinkel/go-doterr/doterr.go:224.2,225.12 2 0
github.com/mikeschinkel/go-doterr/doterr.go:225.12,227.9 2 0
github.com/mikeschinkel/go-doterr/doterr.go:227.9,232.14 1 0
github.com/mikeschinkel/go-doterr/doterr.go:232.15,235.5 0 0
github.com/mikeschinkel/go-doterr/doterr.go:235.10,239.5 2 0
github.com/mikeschinkel/go-doterr/doterr.go:244.2,247.20 2 0
github.com/mikeschinkel/go-doterr/doterr.go:247.20,249.3 1 0
github.com/mikeschinkel/go-doterr/doterr.go:252.2,255.32 2 0
github.com/mikeschinkel/go-doterr/doterr.go:262.38,264.25 2 0
github.com/mikeschinkel/go-doterr/doterr.go:264.25,265.15 1 0
github.com/mikeschinkel/go-doterr/doterr.go:265.15,267.4 1 0
github.com/mikeschinkel/go-doterr/doterr.go:269.2,269.23 1 0
github.com/mikeschinkel/go-doterr/doterr.go:270.9,271.13 1 0
github.com/mikeschinkel/go-doterr/doterr.go:272.9,273.21 1 0
github.com/mikeschinkel/go-doterr/doterr.go:274.10,275.34 1 0
github.com/mikeschinkel/go-doterr/doterr.go:287.33,295.8 5 0
github.com/mikeschinkel/go-doterr/doterr.go:295.8,297.30 2 0
github.com/mikeschinkel/go-doterr/doterr.go:297.30,299.4 1 0
github.com/mikeschinkel/go-doterr/doterr.go:300.3,300.13 1 0
github.com/mikeschinkel/go-doterr/doterr.go:304.2,306.9 3 0
github.com/mikeschinkel/go-doterr/doterr.go:306.9,308.3 1 0
github.com/mikeschinkel/go-doterr/doterr.go:311.2,313.33 3 0
github.com/mikeschinkel/go-doterr/doterr.go:313.33,317.10 2 0
github.com/mikeschinkel/go-doterr/doterr.go:317.10,320.10 2 0
github.com/mikeschinkel/go-doterr/doterr.go:320.10,322.5 1 0
github.com/mikeschinkel/go-doterr/doterr.go:324.3,324.9 1 0
github.com/mikeschinkel/go-doterr/doterr.go:324.9,326.32 1 0
github.com/mikeschinkel/go-doterr/doterr.go:326.32,328.5 1 0
github.com/mikeschinkel/go-doterr/doterr.go:329.9,332.24 2 0
github.com/mikeschinkel/go-doterr/doterr.go:332.24,334.5 1 0
github.com/mikeschinkel/go-doterr/doterr.go:338.2,338.21 1 0
github.com/mikeschinkel/go-doterr/doterr.go:338.21,340.3 1 0
github.com/mikeschinkel/go-doterr/doterr.go:341.2,341.12 1 0
github.com/mikeschinkel/go-doterr/doterr.go:356.55,359.16 3 0
github.com/mikeschinkel/go-doterr/doterr.go:359.16,361.3 1 0
github.com/mikeschinkel/go-doterr/doterr.go:363.2,363.27 1 0
github.com/mikeschinkel/go-doterr/doterr.go:363.27,364.24 1 0
github.com/mikeschinkel/go-doterr/doterr.go:364.24,365.39 1 0
github.com/mikeschinkel/go-doterr/doterr.go:365.39,367.5 1 0
github.com/mikeschinkel/go-doterr/doterr.go:368.4,368.22 1 0
github.com/mikeschinkel/go-doterr/doterr.go:371.2,371.20 1 0
github.com/mikeschinkel/go-doterr/doterr.go:385.32,389.8 2 0
github.com/mikeschinkel/go-doterr/doterr.go:389.8,393.3 3 0
github.com/mikeschinkel/go-doterr/doterr.go:396.2,398.9 3 0
github.com/mikeschinkel/go-doterr/doterr.go:398.9,400.3 1 0
github.com/mikeschinkel/go-doterr/doterr.go:401.2,402.33 2 0
github.com/mikeschinkel/go-doterr/doterr.go:402.33,404.34 1 0
github.com/mikeschinkel/go-doterr/doterr.go:404.34,408.4 3 0
github.com/mikeschinkel/go-doterr/doterr.go:411.2,411.12 1 0
github.com/mikeschinkel/go-doterr/doterr.go:416.51,418.24 2 0
github.com/mikeschinkel/go-doterr/doterr.go:418.24,420.3 1 0
github.com/mikeschinkel/go-doterr/doterr.go:421.2,421.19 1 0
github.com/mikeschinkel/go-doterr/doterr.go:424.49,425.16 1 0
github.com/mikeschinkel/go-doterr/doterr.go:425.16,427.3 1 0
github.com/mikeschinkel/go-doterr/doterr.go:428.2,428.26 1 0
github.com/mikeschinkel/go-doterr/doterr.go:449.50,450.30 1 0
github.com/mikeschinkel/go-doterr/doterr.go:450.30,451.31 1 0
github.com/mikeschinkel/go-doterr/doterr.go:452.14,454.7 2 0
github.com/mikeschinkel/go-doterr/doterr.go:455.21,458.7 2 0
github.com/mikeschinkel/go-doterr/doterr.go:459.15,461.25 1 0
github.com/mikeschinkel/go-doterr/doterr.go:461.25,462.56 1 0
github.com/mikeschinkel/go-doterr/doterr.go:464.4,465.10 2 0
github.com/mikeschinkel/go-doterr/doterr.go:466.11,468.72 1 0
github.com/mikeschinkel/go-doterr/doterr.go:471.2,471.12 1 0
github.com/mikeschinkel/go-doterr/doterr.go:484.26,484.40 1 0
github.com/mikeschinkel/go-doterr/doterr.go:485.26,485.40 1 0
github.com/mikeschinkel/go-doterr/doterr.go:496.31,499.2 2 0
github.com/mikeschinkel/go-doterr/doterr.go:501.30,504.2 2 0
github.com/mikeschinkel/go-doterr/doterr.go:506.29,509.2 2 0
github.com/mikeschinkel/go-doterr/doterr.go:519.32,520.22 1 0
github.com/mikeschinkel/go-doterr/doterr.go:520.22,522.3 1 0
github.com/mikeschinkel/go-doterr/doterr.go:523.2,523.14 1 0
github.com/mikeschinkel/go-doterr/doterr.go:526.32,528.2 1 0
github.com/mikeschinkel/go-doterr/doterr.go:530.27,535.2 3 0
github.com/mikeschinkel/go-doterr/doterr.go:546.48,552.2 1 0
github.com/mikeschinkel/go-doterr/doterr.go:557.31,558.43 1 0
github.com/mikeschinkel/go-doterr/doterr.go:558.43,560.3 1 0
github.com/mikeschinkel/go-doterr/doterr.go:562.2,565.31 2 0
github.com/mikeschinkel/go-doterr/doterr.go:565.31,567.3 1 0
github.com/mikeschinkel/go-doterr/doterr.go:570.2,570.20 1 0
github.com/mikeschinkel/go-doterr/doterr.go:570.20,572.30 2 0
github.com/mikeschinkel/go-doterr/doterr.go:572.30,574.4 1 0
github.com/mikeschinkel/go-doterr/doterr.go:575.3,575.30 1 0
github.com/mikeschinkel/go-doterr/doterr.go:578.2,578.34 1 0
github.com/mikeschinkel/go-doterr/doterr.go:581.33,582.24 1 0
github.com/mikeschinkel/go-doterr/doterr.go:582.24,584.3 1 0
github.com/mikeschinkel/go-doterr/doterr.go:585.2,587.11 3 0
github.com/mikeschinkel/go-doterr/doterr.go:590.29,590.77 1 0
github.com/mikeschinkel/go-doterr/doterr.go:593.42,594.30 1 0
github.com/mikeschinkel/go-doterr/doterr.go:594.30,595.31 1 0
github.com/mikeschinkel/go-doterr/doterr.go:596.14,600.7 2 0
github.com/mikeschinkel/go-doterr/doterr.go:601.16,603.29 1 0
github.com/mikeschinkel/go-doterr/doterr.go:603.29,605.5 1 0
github.com/mikeschinkel/go-doterr/doterr.go:606.4,606.7 1 0
github.com/mikeschinkel/go-doterr/doterr.go:607.21,611.7 3 0
github.com/mikeschinkel/go-doterr/doterr.go:612.15,613.24 1 0
github.com/mikeschinkel/go-doterr/doterr.go:613.24,616.5 2 0
github.com/mikeschinkel/go-doterr/doterr.go:616.10,619.5 1 0
github.com/mikeschinkel/go-doterr/doterr.go:620.14,621.16 1 0
github.com/mikeschinkel/go-doterr/doterr.go:621.16,623.5 1 0
github.com/mikeschinkel/go-doterr/doterr.go:624.4,624.7 1 0
github.com/mikeschinkel/go-doterr/doterr.go:625.11,627.7 1 0
github.com/mikeschinkel/go-doterr/doterr.go:635.34,637.29 2 0
github.com/mikeschinkel/go-doterr/doterr.go:637.29,638.17 1 0
github.com/mikeschinkel/go-doterr/doterr.go:638.17,640.4 1 0
github.com/mikeschinkel/go-doterr/doterr.go:642.2,642.37 1 0
github.com/mikeschinkel/go-doterr/doterr.go:645.36,649.2 3 0
github.com/mikeschinkel/go-doterr/doterr.go:663.61,667.21 3 0
github.com/mikeschinkel/go-doterr/doterr.go:667.21,668.11 1 0
github.com/mikeschinkel/go-doterr/doterr.go:671.2,673.9 3 0
github.com/mikeschinkel/go-doterr/doterr.go:673.9,674.11 1 0
github.com/mikeschinkel/go-doterr/doterr.go:678.2,679.34 2 0
github.com/mikeschinkel/go-doterr/doterr.go:679.34,681.10 2 0
github.com/mikeschinkel/go-doterr/doterr.go:681.10,682.9 1 0
github.com/mikeschinkel/go-doterr/doterr.go:686.3,687.9 2 0
github.com/mikeschinkel/go-doterr/doterr.go:687.9,688.9 1 0
github.com/mikeschinkel/go-doterr/doterr.go:690.3,690.18 1 0
github.com/mikeschinkel/go-doterr/doterr.go:694.2,694.33 1 0
github.com/mikeschinkel/go-doterr/doterr.go:694.33,695.11 1 0
github.com/mikeschinkel/go-doterr/doterr.go:701.2,702.48 2 0
github.com/mikeschinkel/go-doterr/doterr.go:702.48,703.26 1 0
github.com/mikeschinkel/go-doterr/doterr.go:704.37,706.22 1 0
github.com/mikeschinkel/go-doterr/doterr.go:707.15,710.26 2 0
github.com/mikeschinkel/go-doterr/doterr.go:710.26,713.5 2 0
github.com/mikeschinkel/go-doterr/doterr.go:717.2,717.29 1 0
github.com/mikeschinkel/go-doterr/doterr.go:717.29,719.11 1 0
github.com/mikeschinkel/go-doterr/doterr.go:722.2,723.1 2 0
github.com/mikeschinkel/go-doterr/doterr.go:725.2,725.19 1 0
github.com/mikeschinkel/go-doterr/doterr.go:735.42,736.21 1 0
github.com/mikeschinkel/go-doterr/doterr.go:736.21,743.3 2 0
github.com/mikeschinkel/go-doterr/doterr.go:746.2,748.21 3 0
github.com/mikeschinkel/go-doterr/doterr.go:748.21,749.36 1 0
github.com/mikeschinkel/go-doterr/doterr.go:749.36,752.4 2 0
github.com/mikeschinkel/go-doterr/doterr.go:752.9,753.9 1 0
github.com/mikeschinkel/go-doterr/doterr.go:758.2,758.24 1 0
github.com/mikeschinkel/go-doterr/doterr.go:758.24,765.3 2 0
github.com/mikeschinkel/go-doterr/doterr.go:768.2,769.34 2 0
github.com/mikeschinkel/go-doterr/doterr.go:769.34,770.31 1 0
github.com/mikeschinkel/go-doterr/doterr.go:771.14,773.12 1 0
github.com/mikeschinkel/go-doterr/doterr.go:774.16,776.12 1 0
github.com/mikeschinkel/go-doterr/doterr.go:777.21,779.12 1 0
github.com/mikeschinkel/go-doterr/doterr.go:780.15,782.25 1 0
github.com/mikeschinkel/go-doterr/doterr.go:782.25,784.5 1 0
github.com/mikeschinkel/go-doterr/doterr.go:786.4,786.25 1 0
github.com/mikeschinkel/go-doterr/doterr.go:786.25,793.5 2 0
github.com/mikeschinkel/go-doterr/doterr.go:794.4,794.7 1 0
github.com/mikeschinkel/go-doterr/doterr.go:795.14,802.12 2 0
github.com/mikeschinkel/go-doterr/doterr.go:803.11,811.12 2 0
github.com/mikeschinkel/go-doterr/doterr.go:816.2,816.22 1 0
github.com/mikeschinkel/go-doterr/doterr.go:816.22,818.23 2 0
github.com/mikeschinkel/go-doterr/doterr.go:818.23,825.4 2 0
github.com/mikeschinkel/go-doterr/doterr.go:828.2,828.12 1 0
github.com/mikeschinkel/go-doterr/doterr.go:834.37,835.21 1 0
github.com/mikeschinkel/go-doterr/doterr.go:835.21,837.3 1 0
github.com/mikeschinkel/go-doterr/doterr.go:838.2,841.15 4 0
github.com/mikeschinkel/go-doterr/doterr.go:841.15,843.3 1 0
github.com/mikeschinkel/go-doterr/doterr.go:844.2,844.10 1 0
github.com/mikeschinkel/go-doterr/doterr.go:849.42,850.18 1 0
github.com/mikeschinkel/go-doterr/doterr.go:850.18,852.3 1 0
github.com/mikeschinkel/go-doterr/doterr.go:853.2,853.16 1 0
github.com/mikeschinkel/go-doterr/doterr.go:853.16,855.3 1 0
github.com/mikeschinkel/go-doterr/doterr.go:857.2,857.32 1 0
github.com/mikeschinkel/go-doterr/doterr.go:862.41,865.33 2 0
github.com/mikeschinkel/go-doterr/doterr.go:865.33,869.3 2 0
github.com/mikeschinkel/go-doterr/doterr.go:870.2,870.12 1 0
github.com/mikeschinkel/go-doterr/doterr.go:875.42,876.29 1 0
github.com/mikeschinkel/go-doterr/doterr.go:876.29,877.42 1 0
github.com/mikeschinkel/go-doterr/doterr.go:877.42,879.4 1 0
github.com/mikeschinkel/go-doterr/doterr.go:881.2,881.14 1 0
github.com/mikeschinkel/go-doterr/doterr.go:890.50,896.18 2 0
github.com/mikeschinkel/go-doterr/doterr.go:896.18,898.15 2 0
github.com/mikeschinkel/go-doterr/doterr.go:898.15,901.4 1 0
github.com/mikeschinkel/go-doterr/doterr.go:902.3,902.17 1 0
github.com/mikeschinkel/go-doterr/doterr.go:906.2,907.8 2 0
github.com/mikeschinkel/go-doterr/doterr.go:907.8,910.3 1 0
github.com/mikeschinkel/go-doterr/doterr.go:913.2,914.14 2 0
github.com/mikeschinkel/go-doterr/doterr.go:914.14,916.3 1 0
github.com/mikeschinkel/go-doterr/doterr.go:917.2,917.16 1 0
github.com/mikeschinkel/go-doterr/doterr.go:928.61,932.8 2 0
github.com/mikeschinkel/go-doterr/doterr.go:932.8,936.3 3 0
github.com/mikeschinkel/go-doterr/doterr.go:939.2,941.9 3 0
github.com/mikeschinkel/go-doterr/doterr.go:941.9,943.3 1 0
github.com/mikeschinkel/go-doterr/doterr.go:944.2,945.24 2 0
github.com/mikeschinkel/go-doterr/doterr.go:945.24,947.3 1 0
github.com/mikeschinkel/go-doterr/doterr.go:948.2,951.41 3 0
github.com/mikeschinkel/go-doterr/doterr.go:951.41,954.9 2 0
github.com/mikeschinkel/go-doterr/doterr.go:954.9,959.4 4 0
github.com/mikeschinkel/go-doterr/doterr.go:964.2,964.19 1 0
